Log file open, 03/21/25 17:38:31
LogConsoleManager:Warning: Console object named 'r.SSS.Scale' already exists but is being registered again, but we weren't expected it to be! (FConsoleManager::AddConsoleObject)
LogInit:Warning: start loadprojectfile=../../../ShooterGame/ShooterGame.uproject
LogInit: GThreadPool Create ThreadPool:3 !
LogInit: Version: 4.5.1-0+UE4
LogInit: API Version: 0
LogInit: Compiled (64-bit): Sep 19 2024 10:11:42
LogInit: Compiled with Visual C++: 18.00.30501.00
LogInit: Build Configuration: Shipping
LogInit: Branch Name: UE4
LogInit: Command line: 
LogInit: Base directory: C:/Users/User/Downloads/gem/PixArk/PixARK.v1.0.920_LinkNeverDie.Com/ShooterGame/Binaries/Win64/
LogInit: Rocket: 0
[2025.03.21-10.38.31:186][  0]LogTaskGraph: Started task graph with 4 named threads and 7 total threads with 1 sets of task threads.
[2025.03.21-10.38.31:241][  0]LogOnline:Warning: Begint to load default OnlineSubsystem module Steam, using NULL interface
[2025.03.21-10.38.31:245][  0]LogOnline:Display: STEAM: Loading Steam SDK 1.32
[2025.03.21-10.38.31:248][  0]LogOnline:Display: STEAM: Loading Steam SDK Path ../../../Engine/Binaries/ThirdParty/Steamworks/Steamv132/Win64/steam_api64.dll
[2025.03.21-10.38.31:265][  0]LogOnline: STEAM: [AppId: 593600] Game Server API initialized 1
[2025.03.21-10.38.31:266][  0]LogInit: WinSock: version 1.1 (2.2), MaxSocks=32767, MaxUdp=65467
[2025.03.21-10.38.31:287][  0]LogSteamWorkshop: FSteamWorkshop::Init
[2025.03.21-10.38.32:602][  0]LogInit: Presizing for 55000 objects not considered by GC, pre-allocating 7340032 bytes.
[2025.03.21-10.38.32:612][  0]LogInit: Object subsystem initialized
[2025.03.21-10.38.32:615][  0]LogConsoleResponse:Warning: Skipping Unknown console variable: 'UIScaleRule = SmallestCurve'
[2025.03.21-10.38.32:615][  0]LogConsoleResponse:Warning:   Found in ini file '../../../ShooterGame/Saved/Config/WindowsServer/Engine.ini', in section '[/Script/Engine.RendererSettings]'
[2025.03.21-10.38.32:615][  0]LogConsoleResponse:Warning: Skipping Unknown console variable: 'UIScaleCurve = (EditorCurveData=(Keys=((Time=480.000000,Value=0.444000),(Time=1080.000000,Value=1.000000),(Time=8640.000000,Value=8.000000))),ExternalCurve=None)'
[2025.03.21-10.38.32:616][  0]LogConsoleResponse:Warning:   Found in ini file '../../../ShooterGame/Saved/Config/WindowsServer/Engine.ini', in section '[/Script/Engine.RendererSettings]'
[2025.03.21-10.38.32:617][  0]LogConsoleResponse:Warning: Skipping Unknown console variable: 'UIScaleCurveX = (EditorCurveData=(Keys=((Time=480.000000,Value=0.25),(Time=1920.000000,Value=1.000000),(Time=8640.000000,Value=4.5))),ExternalCurve=None)'
[2025.03.21-10.38.32:617][  0]LogConsoleResponse:Warning:   Found in ini file '../../../ShooterGame/Saved/Config/WindowsServer/Engine.ini', in section '[/Script/Engine.RendererSettings]'
[2025.03.21-10.38.32:618][  0]LogConsoleResponse:Warning: Skipping Unknown console variable: 'r.EarlyZPass = 2'
[2025.03.21-10.38.32:618][  0]LogConsoleResponse:Warning:   Found in ini file '../../../ShooterGame/Saved/Config/WindowsServer/Engine.ini', in section '[/Script/Engine.RendererSettings]'
[2025.03.21-10.38.32:621][  0]LogInit: Selected Device Profile: [WindowsServer]
[2025.03.21-10.38.32:621][  0]LogInit: Applying CVar settings loaded from the selected device profile: [WindowsServer]
[2025.03.21-10.38.32:632][  0]LogInit: Computer: DESKTOP-1CJ5F3H
[2025.03.21-10.38.32:633][  0]LogInit: User: User
[2025.03.21-10.38.32:633][  0]LogInit: CPU Page size=4096, Cores=4
[2025.03.21-10.38.32:634][  0]LogInit: High frequency timer resolution =10.000000 MHz
[2025.03.21-10.38.32:634][  0]LogMemory: Memory total: Physical=15.9GB (16GB approx) Virtual=131072.0GB
[2025.03.21-10.38.32:635][  0]LogMemory: Platform Memory Stats for WindowsServer
[2025.03.21-10.38.32:638][  0]LogMemory: Process Physical Memory: 49.47 MB used, 49.47 MB peak
[2025.03.21-10.38.32:638][  0]LogMemory: Process Virtual Memory: 38.19 MB used, 38.30 MB peak
[2025.03.21-10.38.32:639][  0]LogMemory: Physical Memory: 8129.48 MB used, 16272.33 MB total
[2025.03.21-10.38.32:639][  0]LogMemory: Virtual Memory: 4348.77 MB used, 134217728.00 MB total
[2025.03.21-10.38.32:666][  0]LogTextLocalizationManager: The requested culture ('vi_VN') has no localization data; falling back to 'en' for localization and internationalization data.
[2025.03.21-10.38.32:785][  0]LogTextLocalizationManager:Warning: Loading localization resources contain conflicting entries for (Namespace:NetworkErrors, Key:HostClosedConnection):
Resource: (C:/Users/User/Downloads/gem/PixArk/PixARK.v1.0.920_LinkNeverDie.Com/ShooterGame/Content/Localization/Game/en/ShooterGame.locres) Hash: (1998898636) String: (The host has disconnected.)
Resource: (C:/Users/User/Downloads/gem/PixArk/PixARK.v1.0.920_LinkNeverDie.Com/Engine/Content/Localization/Engine/en/Engine.locres) Hash: (1998898636) String: (Host closed the connection.)
[2025.03.21-10.38.33:016][  0]LogCollisionProfile:Warning: Profile (Vehicle) ObjectTypeName (Vehicle) is invalid. 
[2025.03.21-10.38.33:019][  0]LogCollisionProfile:Warning: Profile (Pawn) ObjectTypeName (Pawn) is invalid. 
[2025.03.21-10.38.33:020][  0]LogCollisionProfile:Warning: Profile (CharacterMesh) ObjectTypeName (Pawn) is invalid. 
[2025.03.21-10.38.33:021][  0]LogCollisionProfile:Warning: Profile (Spectator) ObjectTypeName (Pawn) is invalid. 
[2025.03.21-10.38.33:021][  0]LogCollisionProfile:Warning: ProfileRedirect (OverlapOnlyPawnMesh : BlockOnlyPawnMesh) - New Name ('BlockOnlyPawnMesh') isn't found 
[2025.03.21-10.38.33:169][  0]LogAssetRegistry: FAssetRegistry took 0.0002 seconds to start up
[2025.03.21-10.38.33:170][  0]LogAnsel: Tried to load ../../../Engine/Binaries/ThirdParty/Ansel/Win64/AnselSDK64.dll : success=1
[2025.03.21-10.38.33:172][  0]LogSnailSerivces:Warning: SnailServices DLL not found; snail_services_sdk.dll
[2025.03.21-10.38.33:177][  0]LogObj: 40894 objects as part of root set at end of initial load.
[2025.03.21-10.38.33:177][  0]LogUObjectAllocator:Warning: 7715064 Exceeds size of permanent object pool 7340032, please tune SizeOfPermanentObjectPool.
[2025.03.21-10.38.33:180][  0]ARK Version: 1.202
[2025.03.21-10.38.33:191][  0]LogEngine: Initializing Engine...
[2025.03.21-10.38.33:230][  0]LogInit: Texture streaming: Disabled
[2025.03.21-10.38.33:241][  0]LogNet: Browse: /Game/Maps/ShooterEntry?Name=Player
[2025.03.21-10.46.37:632][  0]LogBlueprint:Warning: USimpleConstructionScript::FixupRootNodeParentReferences() - Couldn't find native parent component 'Sprite' for 'DefaultSceneRoot' in BlueprintGeneratedClass 'DayCycleManagerBase_C' (it may have been removed)
[2025.03.21-10.46.37:646][  0]LogBlueprint:Warning: USimpleConstructionScript::FixupRootNodeParentReferences() - Couldn't find native parent component 'SphereComp' for 'FireSound' in BlueprintGeneratedClass 'ProjArrow_Flame_C' (it may have been removed)
[2025.03.21-10.46.37:647][  0]LogBlueprint:Warning: USimpleConstructionScript::FixupRootNodeParentReferences() - Couldn't find native parent component 'SphereComp' for 'ChildActor1' in BlueprintGeneratedClass 'ProjArrow_Flame_C' (it may have been removed)
[2025.03.21-10.46.37:649][  0]LogBlueprint:Warning: USimpleConstructionScript::FixupRootNodeParentReferences() - Couldn't find native parent component 'WeaponMesh1P' for 'Flame1P' in BlueprintGeneratedClass 'WeapBow_Flame_C' (it may have been removed)
[2025.03.21-10.46.37:650][  0]LogBlueprint:Warning: USimpleConstructionScript::FixupRootNodeParentReferences() - Couldn't find native parent component 'WeaponMesh3P' for 'Flame3P' in BlueprintGeneratedClass 'WeapBow_Flame_C' (it may have been removed)
[2025.03.21-10.46.37:651][  0]LogBlueprint:Warning: USimpleConstructionScript::FixupRootNodeParentReferences() - Couldn't find native parent component 'WeaponMesh3P' for 'FlameSound' in BlueprintGeneratedClass 'WeapBow_Flame_C' (it may have been removed)
[2025.03.21-10.46.37:697][  0]LogBlueprint:Warning: USimpleConstructionScript::FixupRootNodeParentReferences() - Couldn't find native parent component 'CharacterMesh0' for 'WaterTrailParticle' in BlueprintGeneratedClass 'CW_PlayerPawn_Female_C' (it may have been removed)
[2025.03.21-10.46.38:239][  0]LogBlueprint:Warning: USimpleConstructionScript::FixupRootNodeParentReferences() - Couldn't find native parent component 'Sprite' for 'DefaultSceneRoot' in BlueprintGeneratedClass 'CW_StructurePlacerBlueprint_C' (it may have been removed)
[2025.03.21-10.46.38:341][  0]LogBlueprint:Warning: USimpleConstructionScript::FixupRootNodeParentReferences() - Couldn't find native parent component 'Sprite' for 'DefaultSceneRoot' in BlueprintGeneratedClass 'DayCycleManager_Cube_C' (it may have been removed)
[2025.03.21-10.46.38:603][  0]LogBlueprint:Warning: USimpleConstructionScript::FixupRootNodeParentReferences() - Couldn't find native parent component 'SceneRoot' for 'StaticMesh2' in BlueprintGeneratedClass 'CW_BuildingSM_RelicDoorSwitch1_C' (it may have been removed)
[2025.03.21-10.46.38:604][  0]LogBlueprint:Warning: USimpleConstructionScript::FixupRootNodeParentReferences() - Couldn't find native parent component 'SceneRoot' for 'StaticMesh1' in BlueprintGeneratedClass 'CW_BuildingSM_RelicDoorSwitch1_C' (it may have been removed)
[2025.03.21-10.48.14:863][  0]LogBlueprint:Warning: USimpleConstructionScript::FixupRootNodeParentReferences() - Couldn't find native parent component 'Sprite' for 'DefaultSceneRoot' in BlueprintGeneratedClass 'CW_SeverMultiplier_PVE_C' (it may have been removed)
[2025.03.21-10.48.14:863][  0]LogBlueprint:Warning: USimpleConstructionScript::FixupRootNodeParentReferences() - Couldn't find native parent component 'Sprite' for 'DefaultSceneRoot' in BlueprintGeneratedClass 'CW_SeverMultiplier_PVP_C' (it may have been removed)
[2025.03.21-10.48.14:864][  0]LogBlueprint:Warning: USimpleConstructionScript::FixupRootNodeParentReferences() - Couldn't find native parent component 'Sprite' for 'DefaultSceneRoot' in BlueprintGeneratedClass 'CW_SeverMultiplier_PVPforever_C' (it may have been removed)
[2025.03.21-10.48.14:925][  0]FinishedLoadingGameMedia Primal Game Data Took 581.68 seconds
[2025.03.21-10.48.15:307][  0]CombiePrimalGameData FinishedLoadingGameMedia
[2025.03.21-10.48.15:316][  0]LogLoad: UEngine::LoadMap: /Game/Maps/ShooterEntry?Name=Player
[2025.03.21-10.48.15:316][  0]LogPackageName: SearchForPackageOnDisk took   0.000s to resolve /Game/Maps/ShooterEntry
[2025.03.21-10.48.15:319][  0]LogLoad: LoadMap: /Game/Maps/ShooterEntry?Name=Player
[2025.03.21-10.48.19:820][  0]LogWorld: Game class is 'EntryLevelMenuGame_C'
[2025.03.21-10.48.19:824][  0]LogNet:Display: SteamNetDriver_0 bound to port 7777
[2025.03.21-10.48.19:824][  0]LogNet: GameNetDriver SteamNetDriver_0 IpNetDriver listening on port 7777
[2025.03.21-10.48.19:828][  0]LogAIModule: Creating AISystem for world ShooterEntry
[2025.03.21-10.48.19:836][  0]LogWorld: Bringing World /Game/Maps/ShooterEntry.ShooterEntry up for play (max tick rate 30) at 2025.03.21-17.48.19
[2025.03.21-10.48.19:843][  0]LogNet: Start register server to normal!
[2025.03.21-10.48.19:852][  0]LogWorld: Bringing up level for play took: 0.023366
[2025.03.21-10.48.19:852][  0]LogOnline: GotoState: NewState: Playing
[2025.03.21-10.48.19:853][  0]LogOnline: GotoState: NewState: MainMenu
[2025.03.21-10.48.19:853][  0]LogInit:Display: Game Engine Initialized.
[2025.03.21-10.48.19:853][  0]Commandline: 
[2025.03.21-10.48.19:853][  0]Full Startup: 590.44 seconds (BP compile: 0.00 seconds)
[2025.03.21-10.48.19:854][  0]Number of cores 4
[2025.03.21-10.48.19:923][  1]LogHttp:Warning: Http request taking too long! Elapsed 586.682. Enabling verbose logs 000001907FBFDE40 url=https://api.ipify.org/
[2025.03.21-10.48.20:141][  6]LogOnline: Async task 'FOnlineAsyncTaskSteamCreateServer bWasSuccessful: 1' completed in 0.212350 seconds with 1
[2025.03.21-10.48.20:141][  6]LogOnline:Warning: STEAM: FOnlineAsyncTaskSteamCreateServer::Finalize SessionId 85568398948243360
[2025.03.21-10.48.20:145][  6]LogOnline:Warning: STEAM: Server setting ,SESSIONFLAGS:683 overflows Steam SetGameTags call
[2025.03.21-10.48.20:146][  6]LogOnline:Warning: STEAM: Server setting ,Sessi