Log file open, 03/21/25 17:59:09
LogConsoleManager:Warning: Console object named 'r.SSS.Scale' already exists but is being registered again, but we weren't expected it to be! (FConsoleManager::AddConsoleObject)
LogInit:Warning: start loadprojectfile=../../../ShooterGame/ShooterGame.uproject
LogInit: GThreadPool Create ThreadPool:3 !
LogInit: Version: 4.5.1-0+UE4
LogInit: API Version: 0
LogInit: Compiled (64-bit): Sep 19 2024 10:11:42
LogInit: Compiled with Visual C++: 18.00.30501.00
LogInit: Build Configuration: Shipping
LogInit: Branch Name: UE4
LogInit: Command line: 
LogInit: Base directory: C:/Users/User/Downloads/gem/PixArk/PixARK.v1.0.920_LinkNeverDie.Com/ShooterGame/Binaries/Win64/
LogInit: Rocket: 0
[2025.03.21-10.59.09:909][  0]LogTaskGraph: Started task graph with 4 named threads and 7 total threads with 1 sets of task threads.
[2025.03.21-10.59.09:969][  0]LogOnline:Warning: Begint to load default OnlineSubsystem module Steam, using NULL interface
[2025.03.21-10.59.09:970][  0]LogOnline:Display: STEAM: Loading Steam SDK 1.32
[2025.03.21-10.59.09:971][  0]LogOnline:Display: STEAM: Loading Steam SDK Path ../../../Engine/Binaries/ThirdParty/Steamworks/Steamv132/Win64/steam_api64.dll
[2025.03.21-10.59.09:980][  0]LogOnline: STEAM: [AppId: 593600] Game Server API initialized 1
[2025.03.21-10.59.09:981][  0]LogInit: WinSock: version 1.1 (2.2), MaxSocks=32767, MaxUdp=65467
[2025.03.21-10.59.10:001][  0]LogSteamWorkshop: FSteamWorkshop::Init
[2025.03.21-10.59.11:523][  0]LogInit: Presizing for 55000 objects not considered by GC, pre-allocating 7340032 bytes.
[2025.03.21-10.59.11:537][  0]LogInit: Object subsystem initialized
[2025.03.21-10.59.11:545][  0]LogConsoleResponse:Warning: Skipping Unknown console variable: 'UIScaleRule = SmallestCurve'
[2025.03.21-10.59.11:545][  0]LogConsoleResponse:Warning:   Found in ini file '../../../ShooterGame/Saved/Config/WindowsServer/Engine.ini', in section '[/Script/Engine.RendererSettings]'
[2025.03.21-10.59.11:545][  0]LogConsoleResponse:Warning: Skipping Unknown console variable: 'UIScaleCurve = (EditorCurveData=(Keys=((Time=480.000000,Value=0.444000),(Time=1080.000000,Value=1.000000),(Time=8640.000000,Value=8.000000))),ExternalCurve=None)'
[2025.03.21-10.59.11:546][  0]LogConsoleResponse:Warning:   Found in ini file '../../../ShooterGame/Saved/Config/WindowsServer/Engine.ini', in section '[/Script/Engine.RendererSettings]'
[2025.03.21-10.59.11:547][  0]LogConsoleResponse:Warning: Skipping Unknown console variable: 'UIScaleCurveX = (EditorCurveData=(Keys=((Time=480.000000,Value=0.25),(Time=1920.000000,Value=1.000000),(Time=8640.000000,Value=4.5))),ExternalCurve=None)'
[2025.03.21-10.59.11:548][  0]LogConsoleResponse:Warning:   Found in ini file '../../../ShooterGame/Saved/Config/WindowsServer/Engine.ini', in section '[/Script/Engine.RendererSettings]'
[2025.03.21-10.59.11:554][  0]LogConsoleResponse:Warning: Skipping Unknown console variable: 'r.EarlyZPass = 2'
[2025.03.21-10.59.11:555][  0]LogConsoleResponse:Warning:   Found in ini file '../../../ShooterGame/Saved/Config/WindowsServer/Engine.ini', in section '[/Script/Engine.RendererSettings]'
[2025.03.21-10.59.11:560][  0]LogInit: Selected Device Profile: [WindowsServer]
[2025.03.21-10.59.11:560][  0]LogInit: Applying CVar settings loaded from the selected device profile: [WindowsServer]
[2025.03.21-10.59.11:569][  0]LogInit: Computer: DESKTOP-1CJ5F3H
[2025.03.21-10.59.11:570][  0]LogInit: User: User
[2025.03.21-10.59.11:570][  0]LogInit: CPU Page size=4096, Cores=4
[2025.03.21-10.59.11:571][  0]LogInit: High frequency timer resolution =10.000000 MHz
[2025.03.21-10.59.11:576][  0]LogMemory: Memory total: Physical=15.9GB (16GB approx) Virtual=131072.0GB
[2025.03.21-10.59.11:581][  0]LogMemory: Platform Memory Stats for WindowsServer
[2025.03.21-10.59.11:582][  0]LogMemory: Process Physical Memory: 49.43 MB used, 49.44 MB peak
[2025.03.21-10.59.11:582][  0]LogMemory: Process Virtual Memory: 38.11 MB used, 38.21 MB peak
[2025.03.21-10.59.11:584][  0]LogMemory: Physical Memory: 13807.49 